Arguments: 
  /Users/jtregoat/.nvm/versions/node/v9.9.0/bin/node /usr/local/Cellar/yarn/1.5.1_1/libexec/bin/yarn.js remove antd

PATH: 
  /usr/local/opt/opencv@2/bin:/Users/jtregoat/.nvm/versions/node/v9.9.0/bin:/Users/jtregoat/.rvm/gems/ruby-2.4.1/bin:/Users/jtregoat/.rvm/gems/ruby-2.4.1@global/bin:/Users/jtregoat/.rvm/rubies/ruby-2.4.1/bin:/Applications/Postgres.app/Contents/Versions/latest/bin:/usr/local:/usr/local/bin:/usr/local/sbin:/usr/bin:/usr/local/bin:/usr/bin:/bin:/usr/sbin:/sbin:/usr/local/go/bin:/Applications/Postgres.app/Contents/Versions/latest/bin:/Users/jtregoat/.rvm/bin

Yarn version: 
  1.5.1

Node version: 
  9.9.0

Platform: 
  darwin x64

npm manifest: 
  No manifest

yarn manifest: 
  No manifest

Lockfile: 
  No lockfile

Trace: 
  Error: No lockfile in this directory. Run `yarn install` to generate one.
      at new MessageError (/usr/local/Cellar/yarn/1.5.1_1/libexec/lib/cli.js:186:110)
      at /usr/local/Cellar/yarn/1.5.1_1/libexec/lib/cli.js:89389:13
      at <anonymous>
